<?xml version="1.0" encoding="UTF-8"?>
<!-- Generated by org.testng.reporters.JUnitReportReporter -->
<testsuite skipped="0" hostname="MSI" name="com.org.test.eCommerce_tc_4_HybridApp" tests="1" failures="0" timestamp="23 Sep 2022 08:19:09 GMT" time="36.197" errors="0">
  <testcase name="eCommerce_TC_01" time="36.197" classname="com.org.test.eCommerce_tc_4_HybridApp"/>
</testsuite> <!-- com.org.test.eCommerce_tc_4_HybridApp -->
